<?xml version="1.0" encoding="UTF-8"?>
<testsuite name="quantitymeasurement.QuantityMeasurementTest" tests="7" skipped="0" failures="0" errors="0" timestamp="2020-06-03T04:49:17" hostname="LAPTOP-U0R5V4IK" time="0.008">
  <properties/>
  <testcase name="givenNullValueOfInch_shouldThrowException" classname="quantitymeasurement.QuantityMeasurementTest" time="0.005"/>
  <testcase name="givenTwoQuantitiesOfDifferentTypes_whenNotEqual_shouldReturnNotEqual" classname="quantitymeasurement.QuantityMeasurementTest" time="0.001"/>
  <testcase name="givenTwofFeetValues_WhenEqual_shouldReturnEqual" classname="quantitymeasurement.QuantityMeasurementTest" time="0.0"/>
  <testcase name="givenTwoValuesOfInch_whenNotEqual_shouldReturnNotEqual" classname="quantitymeasurement.QuantityMeasurementTest" time="0.0"/>
  <testcase name="givenTwoValuesOfInch_whenEqual_shouldReturnEqual" classname="quantitymeasurement.QuantityMeasurementTest" time="0.0"/>
  <testcase name="givenTwoFeetValues_whenNotEqual_shouldReturnNotEqual" classname="quantitymeasurement.QuantityMeasurementTest" time="0.0"/>
  <testcase name="givenTwoFeetValues_whenOneValueisNull_shouldThrowException" classname="quantitymeasurement.QuantityMeasurementTest" time="0.0"/>
  <system-out><![CDATA[]]></system-out>
  <system-err><![CDATA[]]></system-err>
</testsuite>
