<?xml version="1.0" encoding="UTF-8"?>
<testsuite name="quantitymeasurement.QuantityMeasurementTest" tests="1" skipped="0" failures="0" errors="0" timestamp="2020-06-07T12:57:46" hostname="LAPTOP-U0R5V4IK" time="0.003">
  <properties/>
  <testcase name="givenQuantities1000GramsAnd1Kilogram_whenEqual_shouldReturnTrue" classname="quantitymeasurement.QuantityMeasurementTest" time="0.003"/>
  <system-out><![CDATA[]]></system-out>
  <system-err><![CDATA[]]></system-err>
</testsuite>
